<?xml version="1.0" encoding="UTF-8"?>
<!-- Generated by org.testng.reporters.JUnitReportReporter -->
<testsuite hostname="Ananth_cool" failures="0" tests="2" name="mavenananth.RESTAPiTest" time="0.000" errors="0" timestamp="2021-12-11T09:46:42 IST" skipped="0">
  <testcase classname="mavenananth.RESTAPiTest" name="deleteTwitter" time="0.000"/>
  <system-out/>
  <testcase classname="mavenananth.RESTAPiTest" name="postjira" time="0.000"/>
  <system-out/>
</testsuite> <!-- mavenananth.RESTAPiTest -->
